<html>
<head>
<title>TestNG:  Default test</title>
<link href="../testng.css" rel="stylesheet" type="text/css" />
<link href="../my-testng.css" rel="stylesheet" type="text/css" />

<style type="text/css">
.log { display: none;} 
.stack-trace { display: none;} 
</style>
<script type="text/javascript">
<!--
function flip(e) {
  current = e.style.display;
  if (current == 'block') {
    e.style.display = 'none';
    return 0;
  }
  else {
    e.style.display = 'block';
    return 1;
  }
}

function toggleBox(szDivId, elem, msg1, msg2)
{
  var res = -1;  if (document.getElementById) {
    res = flip(document.getElementById(szDivId));
  }
  else if (document.all) {
    // this is the way old msie versions work
    res = flip(document.all[szDivId]);
  }
  if(elem) {
    if(res == 0) elem.innerHTML = msg1; else elem.innerHTML = msg2;
  }

}

function toggleAllBoxes() {
  if (document.getElementsByTagName) {
    d = document.getElementsByTagName('div');
    for (i = 0; i < d.length; i++) {
      if (d[i].className == 'log') {
        flip(d[i]);
      }
    }
  }
}

// -->
</script>

</head>
<body>
<h2 align='center'>Default test</h2><table border='1' align="center">
<tr>
<td>Tests passed/Failed/Skipped:</td><td>6/1/0</td>
</tr><tr>
<td>Started on:</td><td>Wed Jan 04 22:03:01 IST 2017</td>
</tr>
<tr><td>Total time:</td><td>55 seconds (55864 ms)</td>
</tr><tr>
<td>Included groups:</td><td></td>
</tr><tr>
<td>Excluded groups:</td><td></td>
</tr>
</table><p/>
<small><i>(Hover the method name to see the test class name)</i></small><p/>
<table width='100%' border='1' class='invocation-failed'>
<tr><td colspan='4' align='center'><b>FAILED TESTS</b></td></tr>
<tr><td><b>Test method</b></td>
<td width="30%"><b>Exception</b></td>
<td width="10%"><b>Time (seconds)</b></td>
<td><b>Instance</b></td>
</tr>
<tr>
<td title='com.actitime.testscripts.TestScripts.TC05_CreateAUser()'><b>TC05_CreateAUser</b><br>Test class: com.actitime.testscripts.TestScripts</td>
<td><div><pre>java.lang.AssertionError: expected [Gootam, Joshua] but found [Angel, John]
	at org.testng.Assert.fail(Assert.java:94)
	at org.testng.Assert.failNotEquals(Assert.java:513)
	at org.testng.Assert.assertEqualsImpl(Assert.java:135)
	at org.testng.Assert.assertEquals(Assert.java:116)
	at org.testng.Assert.assertEquals(Assert.java:190)
	at org.testng.Assert.assertEquals(Assert.java:200)
	at com.actitime.pageobjects.DashboardPO.createUser(DashboardPO.java:130)
	at com.actitime.testscripts.TestScripts.TC05_CreateAUser(TestScripts.java:40)
	at sun.reflect.NativeMethodAccessorImpl.invoke0(Native Method)
	at sun.reflect.NativeMethodAccessorImpl.invoke(Unknown Source)
	at sun.reflect.DelegatingMethodAccessorImpl.invoke(Unknown Source)
	at java.lang.reflect.Method.invoke(Unknown Source)
	at org.testng.internal.MethodInvocationHelper.invokeMethod(MethodInvocationHelper.java:86)
	at org.testng.internal.Invoker.invokeMethod(Invoker.java:643)
	at org.testng.internal.Invoker.invokeTestMethod(Invoker.java:820)
	at org.testng.internal.Invoker.invokeTestMethods(Invoker.java:1128)
	at org.testng.internal.TestMethodWorker.invokeTestMethods(TestMethodWorker.java:129)
	at org.testng.internal.TestMethodWorker.run(TestMethodWorker.java:112)
	at org.testng.TestRunner.privateRun(TestRunner.java:782)
	at org.testng.TestRunner.run(TestRunner.java:632)
	at org.testng.SuiteRunner.runTest(SuiteRunner.java:366)
	at org.testng.SuiteRunner.runSequentially(SuiteRunner.java:361)
	at org.testng.SuiteRunner.privateRun(SuiteRunner.java:319)
	at org.testng.SuiteRunner.run(SuiteRunner.java:268)
	at org.testng.SuiteRunnerWorker.runSuite(SuiteRunnerWorker.java:52)
	at org.testng.SuiteRunnerWorker.run(SuiteRunnerWorker.java:86)
	at org.testng.TestNG.runSuitesSequentially(TestNG.java:1244)
	at org.testng.TestNG.runSuitesLocally(TestNG.java:1169)
	at org.testng.TestNG.run(TestNG.java:1064)
	at org.testng.remote.AbstractRemoteTestNG.run(AbstractRemoteTestNG.java:132)
	at org.testng.remote.RemoteTestNG.initAndRun(RemoteTestNG.java:236)
	at org.testng.remote.RemoteTestNG.main(RemoteTestNG.java:81)
</pre></div><a href='#' onClick='toggleBox("stack-trace45822040", this, "Click to show all stack frames", "Click to hide stack frames")'>Click to show all stack frames</a>
<div class='stack-trace' id='stack-trace45822040'><pre>java.lang.AssertionError: expected [Gootam, Joshua] but found [Angel, John]
	at org.testng.Assert.fail(Assert.java:94)
	at org.testng.Assert.failNotEquals(Assert.java:513)
	at org.testng.Assert.assertEqualsImpl(Assert.java:135)
	at org.testng.Assert.assertEquals(Assert.java:116)
	at org.testng.Assert.assertEquals(Assert.java:190)
	at org.testng.Assert.assertEquals(Assert.java:200)
	at com.actitime.pageobjects.DashboardPO.createUser(DashboardPO.java:130)
	at com.actitime.testscripts.TestScripts.TC05_CreateAUser(TestScripts.java:40)
	at sun.reflect.NativeMethodAccessorImpl.invoke0(Native Method)
	at sun.reflect.NativeMethodAccessorImpl.invoke(Unknown Source)
	at sun.reflect.DelegatingMethodAccessorImpl.invoke(Unknown Source)
	at java.lang.reflect.Method.invoke(Unknown Source)
	at org.testng.internal.MethodInvocationHelper.invokeMethod(MethodInvocationHelper.java:86)
	at org.testng.internal.Invoker.invokeMethod(Invoker.java:643)
	at org.testng.internal.Invoker.invokeTestMethod(Invoker.java:820)
	at org.testng.internal.Invoker.invokeTestMethods(Invoker.java:1128)
	at org.testng.internal.TestMethodWorker.invokeTestMethods(TestMethodWorker.java:129)
	at org.testng.internal.TestMethodWorker.run(TestMethodWorker.java:112)
	at org.testng.TestRunner.privateRun(TestRunner.java:782)
	at org.testng.TestRunner.run(TestRunner.java:632)
	at org.testng.SuiteRunner.runTest(SuiteRunner.java:366)
	at org.testng.SuiteRunner.runSequentially(SuiteRunner.java:361)
	at org.testng.SuiteRunner.privateRun(SuiteRunner.java:319)
	at org.testng.SuiteRunner.run(SuiteRunner.java:268)
	at org.testng.SuiteRunnerWorker.runSuite(SuiteRunnerWorker.java:52)
	at org.testng.SuiteRunnerWorker.run(SuiteRunnerWorker.java:86)
	at org.testng.TestNG.runSuitesSequentially(TestNG.java:1244)
	at org.testng.TestNG.runSuitesLocally(TestNG.java:1169)
	at org.testng.TestNG.run(TestNG.java:1064)
	at org.testng.remote.AbstractRemoteTestNG.run(AbstractRemoteTestNG.java:132)
	at org.testng.remote.RemoteTestNG.initAndRun(RemoteTestNG.java:236)
	at org.testng.remote.RemoteTestNG.main(RemoteTestNG.java:81)
</pre></div></td>
<td>1</td>
<td>com.actitime.testscripts.TestScripts@3a5ed7a6</td></tr>
</table><p>
<table width='100%' border='1' class='invocation-passed'>
<tr><td colspan='4' align='center'><b>PASSED TESTS</b></td></tr>
<tr><td><b>Test method</b></td>
<td width="30%"><b>Exception</b></td>
<td width="10%"><b>Time (seconds)</b></td>
<td><b>Instance</b></td>
</tr>
<tr>
<td title='com.actitime.testscripts.TestScripts.TC01_SignIntoApplication()'><b>TC01_SignIntoApplication</b><br>Test class: com.actitime.testscripts.TestScripts<br/>
<a href="#Output-1237740254" onClick='toggleBox("Output-1237740254", this, "Show output", "Hide output");'>Show output</a>

<a href="#Output-1237740254" onClick="toggleAllBoxes();">Show all outputs</a>
<div class='log' id="Output-1237740254">
SignIntoApplication <a href=file:/C:/Users/ad051066/MyFrameworkWorkspace/ActiTimeProject/null/%20SignIntoApplication%20_Wed_Jan_04_22_03_03_IST_2017.png> click to open screenshot of SignIntoApplication </a><br><br/>
</div>
</td>
<td></td>
<td>8</td>
<td>com.actitime.testscripts.TestScripts@3a5ed7a6</td></tr>
<tr>
<td title='com.actitime.testscripts.TestScripts.TC02_NavigateToTasks()'><b>TC02_NavigateToTasks</b><br>Test class: com.actitime.testscripts.TestScripts<br/>
<a href="#Output-24293395" onClick='toggleBox("Output-24293395", this, "Show output", "Hide output");'>Show output</a>

<a href="#Output-24293395" onClick="toggleAllBoxes();">Show all outputs</a>
<div class='log' id="Output-24293395">
NavigateToTasks <a href=file:/C:/Users/ad051066/MyFrameworkWorkspace/ActiTimeProject/null/%20NavigateToTasks%20_Wed_Jan_04_22_03_11_IST_2017.png> click to open screenshot of NavigateToTasks </a><br><br/>
</div>
</td>
<td></td>
<td>8</td>
<td>com.actitime.testscripts.TestScripts@3a5ed7a6</td></tr>
<tr>
<td title='com.actitime.testscripts.TestScripts.TC03_NavigateToReports()'><b>TC03_NavigateToReports</b><br>Test class: com.actitime.testscripts.TestScripts<br/>
<a href="#Output-1894788146" onClick='toggleBox("Output-1894788146", this, "Show output", "Hide output");'>Show output</a>

<a href="#Output-1894788146" onClick="toggleAllBoxes();">Show all outputs</a>
<div class='log' id="Output-1894788146">
NavigateToReports <a href=file:/C:/Users/ad051066/MyFrameworkWorkspace/ActiTimeProject/null/%20NavigateToReports%20_Wed_Jan_04_22_03_20_IST_2017.png> click to open screenshot of NavigateToReports </a><br><br/>
</div>
</td>
<td></td>
<td>9</td>
<td>com.actitime.testscripts.TestScripts@3a5ed7a6</td></tr>
<tr>
<td title='com.actitime.testscripts.TestScripts.TC04_NavigateToUsers()'><b>TC04_NavigateToUsers</b><br>Test class: com.actitime.testscripts.TestScripts<br/>
<a href="#Output-1533985074" onClick='toggleBox("Output-1533985074", this, "Show output", "Hide output");'>Show output</a>

<a href="#Output-1533985074" onClick="toggleAllBoxes();">Show all outputs</a>
<div class='log' id="Output-1533985074">
NavigateToUsers <a href=file:/C:/Users/ad051066/MyFrameworkWorkspace/ActiTimeProject/null/%20NavigateToUsers%20_Wed_Jan_04_22_03_30_IST_2017.png> click to open screenshot of NavigateToUsers </a><br><br/>
</div>
</td>
<td></td>
<td>9</td>
<td>com.actitime.testscripts.TestScripts@3a5ed7a6</td></tr>
<tr>
<td title='com.actitime.testscripts.TestScripts.TC06_VerifyExistingUser()'><b>TC06_VerifyExistingUser</b><br>Test class: com.actitime.testscripts.TestScripts<br/>
<a href="#Output-1402215471" onClick='toggleBox("Output-1402215471", this, "Show output", "Hide output");'>Show output</a>

<a href="#Output-1402215471" onClick="toggleAllBoxes();">Show all outputs</a>
<div class='log' id="Output-1402215471">
checkExistingUser<a href=file:/C:/Users/ad051066/MyFrameworkWorkspace/ActiTimeProject/null/%20checkExistingUser_Wed_Jan_04_22_03_42_IST_2017.png> click to open screenshot of checkExistingUser</a><br><br/>
</div>
</td>
<td></td>
<td>10</td>
<td>com.actitime.testscripts.TestScripts@3a5ed7a6</td></tr>
<tr>
<td title='com.actitime.testscripts.TestScripts.TC07_SignOutOfApplication()'><b>TC07_SignOutOfApplication</b><br>Test class: com.actitime.testscripts.TestScripts<br/>
<a href="#Output-1415630650" onClick='toggleBox("Output-1415630650", this, "Show output", "Hide output");'>Show output</a>

<a href="#Output-1415630650" onClick="toggleAllBoxes();">Show all outputs</a>
<div class='log' id="Output-1415630650">
SignOutOfApplication <a href=file:/C:/Users/ad051066/MyFrameworkWorkspace/ActiTimeProject/null/%20SignOutOfApplication%20_Wed_Jan_04_22_03_50_IST_2017.png> click to open screenshot of SignOutOfApplication </a><br><br/>
</div>
</td>
<td></td>
<td>7</td>
<td>com.actitime.testscripts.TestScripts@3a5ed7a6</td></tr>
</table><p>
</body>
</html>