<?xml version="1.0" encoding="UTF-8"?>
<testsuite name="actiTIME - Sanity"
           tests="8"
           failures="1"
           errors="0"
           skipped="0"
           time="172.164">
  <properties />
            <testcase name="TC07_DeleteUser" time="50.883" classname="com.actitime.testscripts.TestScripts">
                <failure type="java.lang.AssertionError"
                  message="No Such User Found!"
              >
<![CDATA[java.lang.AssertionError: No Such User Found!
  org.testng.Assert.fail(Assert.java:94)
  com.actitime.pageobjects.UsersPO.deleteUser(UsersPO.java:198)
  com.actitime.testscripts.TestScripts.TC07_DeleteUser(TestScripts.java:52)
  sun.reflect.NativeMethodAccessorImpl.invoke0(Native Method)
  sun.reflect.NativeMethodAccessorImpl.invoke(NativeMethodAccessorImpl.java:62)
  sun.reflect.DelegatingMethodAccessorImpl.invoke(DelegatingMethodAccessorImpl.java:43)
  java.lang.reflect.Method.invoke(Method.java:498)
  org.testng.internal.MethodInvocationHelper.invokeMethod(MethodInvocationHelper.java:86)
  org.testng.internal.Invoker.invokeMethod(Invoker.java:643)
  org.testng.internal.Invoker.invokeTestMethod(Invoker.java:820)
  org.testng.internal.Invoker.invokeTestMethods(Invoker.java:1128)
  org.testng.internal.TestMethodWorker.invokeTestMethods(TestMethodWorker.java:129)
  org.testng.internal.TestMethodWorker.run(TestMethodWorker.java:112)
  org.testng.TestRunner.privateRun(TestRunner.java:782)
  org.testng.TestRunner.run(TestRunner.java:632)
  org.testng.SuiteRunner.runTest(SuiteRunner.java:366)
  org.testng.SuiteRunner.runSequentially(SuiteRunner.java:361)
  org.testng.SuiteRunner.privateRun(SuiteRunner.java:319)
  org.testng.SuiteRunner.run(SuiteRunner.java:268)
  org.testng.SuiteRunnerWorker.runSuite(SuiteRunnerWorker.java:52)
  org.testng.SuiteRunnerWorker.run(SuiteRunnerWorker.java:86)
  org.testng.TestNG.runSuitesSequentially(TestNG.java:1244)
  org.testng.TestNG.runSuitesLocally(TestNG.java:1169)
  org.testng.TestNG.run(TestNG.java:1064)
  com.actitime.genericlibrary.XMLUtility.autoRunXml(XMLUtility.java:200)
  com.actitime.driver.Driver.main(Driver.java:26)
  sun.reflect.NativeMethodAccessorImpl.invoke0(Native Method)
  sun.reflect.NativeMethodAccessorImpl.invoke(NativeMethodAccessorImpl.java:62)
  sun.reflect.DelegatingMethodAccessorImpl.invoke(DelegatingMethodAccessorImpl.java:43)
  java.lang.reflect.Method.invoke(Method.java:498)
  org.codehaus.mojo.exec.ExecJavaMojo$1.run(ExecJavaMojo.java:297)
  java.lang.Thread.run(Thread.java:745)
]]>
      </failure>

          </testcase>
  
  
            <testcase name="TC04_NavigateToUsers" time="9.985" classname="com.actitime.testscripts.TestScripts" />
                <testcase name="TC06_VerifyExistingUser" time="60.237" classname="com.actitime.testscripts.TestScripts" />
                <testcase name="TC08_SignOutOfApplication" time="7.883" classname="com.actitime.testscripts.TestScripts" />
                <testcase name="TC05_CreateAUser" time="11.910" classname="com.actitime.testscripts.TestScripts" />
                <testcase name="TC02_NavigateToTasks" time="9.359" classname="com.actitime.testscripts.TestScripts" />
                <testcase name="TC01_SignIntoApplication" time="11.658" classname="com.actitime.testscripts.TestScripts" />
                <testcase name="TC03_NavigateToReports" time="10.249" classname="com.actitime.testscripts.TestScripts" />
      
</testsuite>
