<?xml version="1.0" encoding="UTF-8"?>
<testsuite name="actiTIME - Desktop Smoke"
           tests="10"
           failures="1"
           errors="0"
           skipped="9"
           time="0.001">
  <properties />
            <testcase name="beforeSuite" time="0.000" classname="com.actitime.testscripts.TestScriptsWeb">
                <failure type="org.openqa.selenium.SessionNotCreatedException"
                  message="Unable to create new remote session. desired capabilities = Capabilities [{marionette=true, firefoxOptions=org.openqa.selenium.firefox.FirefoxOptions@413d1baf, browserName=firefox, moz:firefoxOptions=org.openqa.selenium.firefox.FirefoxOptions@413d1baf, version=, platform=ANY}], required capabilities = Capabilities [{}]
Build info: version: &apos;3.0.1&apos;, revision: &apos;1969d75&apos;, time: &apos;2016-10-18 09:49:13 -0700&apos;
System info: host: &apos;DESKTOP-VUCN5R5&apos;, ip: &apos;192.168.220.2&apos;, os.name: &apos;Windows 10&apos;, os.arch: &apos;amd64&apos;, os.version: &apos;10.0&apos;, java.version: &apos;1.8.0_65&apos;
Driver info: driver.version: Driver"
              >
<![CDATA[org.openqa.selenium.SessionNotCreatedException: Unable to create new remote session. desired capabilities = Capabilities [{marionette=true, firefoxOptions=org.openqa.selenium.firefox.FirefoxOptions@413d1baf, browserName=firefox, moz:firefoxOptions=org.openqa.selenium.firefox.FirefoxOptions@413d1baf, version=, platform=ANY}], required capabilities = Capabilities [{}]
Build info: version: '3.0.1', revision: '1969d75', time: '2016-10-18 09:49:13 -0700'
System info: host: 'DESKTOP-VUCN5R5', ip: '192.168.220.2', os.name: 'Windows 10', os.arch: 'amd64', os.version: '10.0', java.version: '1.8.0_65'
Driver info: driver.version: Driver
  org.openqa.selenium.remote.ProtocolHandshake.createSession(ProtocolHandshake.java:91)
  org.openqa.selenium.remote.HttpCommandExecutor.execute(HttpCommandExecutor.java:141)
  org.openqa.selenium.remote.service.DriverCommandExecutor.execute(DriverCommandExecutor.java:82)
  org.openqa.selenium.remote.RemoteWebDriver.execute(RemoteWebDriver.java:601)
  org.openqa.selenium.remote.RemoteWebDriver.startSession(RemoteWebDriver.java:241)
  org.openqa.selenium.remote.RemoteWebDriver.<init>(RemoteWebDriver.java:128)
  org.openqa.selenium.firefox.FirefoxDriver.<init>(FirefoxDriver.java:259)
  org.openqa.selenium.firefox.FirefoxDriver.<init>(FirefoxDriver.java:247)
  org.openqa.selenium.firefox.FirefoxDriver.<init>(FirefoxDriver.java:242)
  org.openqa.selenium.firefox.FirefoxDriver.<init>(FirefoxDriver.java:238)
  org.openqa.selenium.firefox.FirefoxDriver.<init>(FirefoxDriver.java:127)
  com.actitime.driver.SuperReference.invokeBrowser(SuperReference.java:70)
  com.actitime.driver.SuperReference.beforeSuite(SuperReference.java:189)
  sun.reflect.NativeMethodAccessorImpl.invoke0(Native Method)
  sun.reflect.NativeMethodAccessorImpl.invoke(Unknown Source)
  sun.reflect.DelegatingMethodAccessorImpl.invoke(Unknown Source)
  java.lang.reflect.Method.invoke(Unknown Source)
  org.testng.internal.MethodInvocationHelper.invokeMethod(MethodInvocationHelper.java:86)
  org.testng.internal.Invoker.invokeConfigurationMethod(Invoker.java:514)
  org.testng.internal.Invoker.invokeConfigurations(Invoker.java:215)
  org.testng.internal.Invoker.invokeConfigurations(Invoker.java:142)
  org.testng.SuiteRunner.privateRun(SuiteRunner.java:305)
  org.testng.SuiteRunner.run(SuiteRunner.java:268)
  org.testng.SuiteRunnerWorker.runSuite(SuiteRunnerWorker.java:52)
  org.testng.SuiteRunnerWorker.run(SuiteRunnerWorker.java:86)
  org.testng.TestNG.runSuitesSequentially(TestNG.java:1244)
  org.testng.TestNG.runSuitesLocally(TestNG.java:1169)
  org.testng.TestNG.run(TestNG.java:1064)
  com.actitime.genericlibrary.XMLUtility.autoRunXml(XMLUtility.java:299)
  com.actitime.driver.Driver.main(Driver.java:97)
]]>
      </failure>

          </testcase>
  
            <testcase name="afterSuite" time="0.0" classname="com.actitime.testscripts.TestScriptsWeb">
          <skipped />
    </testcase>
            <testcase name="TC05_CreateAUser" time="0.0" classname="com.actitime.testscripts.TestScriptsWeb">
          <skipped />
    </testcase>
            <testcase name="TC03_NavigateToReports" time="0.0" classname="com.actitime.testscripts.TestScriptsWeb">
          <skipped />
    </testcase>
            <testcase name="TC07_DeleteUser" time="0.0" classname="com.actitime.testscripts.TestScriptsWeb">
          <skipped />
    </testcase>
            <testcase name="TC06_VerifyExistingUser" time="0.0" classname="com.actitime.testscripts.TestScriptsWeb">
          <skipped />
    </testcase>
            <testcase name="TC01_SignIntoApplication" time="0.0" classname="com.actitime.testscripts.TestScriptsWeb">
          <skipped />
    </testcase>
            <testcase name="TC08_SignOutOfApplication" time="0.0" classname="com.actitime.testscripts.TestScriptsWeb">
          <skipped />
    </testcase>
            <testcase name="TC02_NavigateToTasks" time="0.0" classname="com.actitime.testscripts.TestScriptsWeb">
          <skipped />
    </testcase>
            <testcase name="TC04_NavigateToUsers" time="0.0" classname="com.actitime.testscripts.TestScriptsWeb">
          <skipped />
    </testcase>
  
  
</testsuite>
