<?xml version="1.0" encoding="UTF-8"?>
<testng-results skipped="0" failed="1" total="7" passed="6">
  <reporter-output>
    <line>
      <![CDATA[SignIntoApplication <a href=file:/C:/Users/ad051066/MyFrameworkWorkspace/ActiTimeProject/null/%20SignIntoApplication%20_Wed_Jan_04_22_03_03_IST_2017.png> click to open screenshot of SignIntoApplication </a><br>]]>
    </line>
    <line>
      <![CDATA[NavigateToTasks <a href=file:/C:/Users/ad051066/MyFrameworkWorkspace/ActiTimeProject/null/%20NavigateToTasks%20_Wed_Jan_04_22_03_11_IST_2017.png> click to open screenshot of NavigateToTasks </a><br>]]>
    </line>
    <line>
      <![CDATA[NavigateToReports <a href=file:/C:/Users/ad051066/MyFrameworkWorkspace/ActiTimeProject/null/%20NavigateToReports%20_Wed_Jan_04_22_03_20_IST_2017.png> click to open screenshot of NavigateToReports </a><br>]]>
    </line>
    <line>
      <![CDATA[NavigateToUsers <a href=file:/C:/Users/ad051066/MyFrameworkWorkspace/ActiTimeProject/null/%20NavigateToUsers%20_Wed_Jan_04_22_03_30_IST_2017.png> click to open screenshot of NavigateToUsers </a><br>]]>
    </line>
    <line>
      <![CDATA[checkExistingUser<a href=file:/C:/Users/ad051066/MyFrameworkWorkspace/ActiTimeProject/null/%20checkExistingUser_Wed_Jan_04_22_03_42_IST_2017.png> click to open screenshot of checkExistingUser</a><br>]]>
    </line>
    <line>
      <![CDATA[SignOutOfApplication <a href=file:/C:/Users/ad051066/MyFrameworkWorkspace/ActiTimeProject/null/%20SignOutOfApplication%20_Wed_Jan_04_22_03_50_IST_2017.png> click to open screenshot of SignOutOfApplication </a><br>]]>
    </line>
  </reporter-output>
  <suite name="Default suite" duration-ms="55864" started-at="2017-01-04T16:33:01Z" finished-at="2017-01-04T16:33:57Z">
    <groups>
    </groups>
    <test name="Default test" duration-ms="55864" started-at="2017-01-04T16:33:01Z" finished-at="2017-01-04T16:33:57Z">
      <class name="com.actitime.testscripts.TestScripts">
        <test-method status="PASS" signature="beforeSuite()[pri:0, instance:com.actitime.testscripts.TestScripts@3a5ed7a6]" name="beforeSuite" is-config="true" duration-ms="4184" started-at="2017-01-04T22:02:57Z" finished-at="2017-01-04T22:03:01Z">
          <reporter-output>
          </reporter-output>
        </test-method> <!-- beforeSuite -->
        <test-method status="PASS" signature="TC01_SignIntoApplication()[pri:0, instance:com.actitime.testscripts.TestScripts@3a5ed7a6]" name="TC01_SignIntoApplication" duration-ms="8999" started-at="2017-01-04T22:03:01Z" finished-at="2017-01-04T22:03:10Z">
          <reporter-output>
            <line>
              <![CDATA[SignIntoApplication <a href=file:/C:/Users/ad051066/MyFrameworkWorkspace/ActiTimeProject/null/%20SignIntoApplication%20_Wed_Jan_04_22_03_03_IST_2017.png> click to open screenshot of SignIntoApplication </a><br>]]>
            </line>
          </reporter-output>
        </test-method> <!-- TC01_SignIntoApplication -->
        <test-method status="PASS" signature="TC02_NavigateToTasks()[pri:0, instance:com.actitime.testscripts.TestScripts@3a5ed7a6]" name="TC02_NavigateToTasks" duration-ms="8203" started-at="2017-01-04T22:03:10Z" finished-at="2017-01-04T22:03:18Z">
          <reporter-output>
            <line>
              <![CDATA[NavigateToTasks <a href=file:/C:/Users/ad051066/MyFrameworkWorkspace/ActiTimeProject/null/%20NavigateToTasks%20_Wed_Jan_04_22_03_11_IST_2017.png> click to open screenshot of NavigateToTasks </a><br>]]>
            </line>
          </reporter-output>
        </test-method> <!-- TC02_NavigateToTasks -->
        <test-method status="PASS" signature="TC03_NavigateToReports()[pri:0, instance:com.actitime.testscripts.TestScripts@3a5ed7a6]" name="TC03_NavigateToReports" duration-ms="9342" started-at="2017-01-04T22:03:18Z" finished-at="2017-01-04T22:03:28Z">
          <reporter-output>
            <line>
              <![CDATA[NavigateToReports <a href=file:/C:/Users/ad051066/MyFrameworkWorkspace/ActiTimeProject/null/%20NavigateToReports%20_Wed_Jan_04_22_03_20_IST_2017.png> click to open screenshot of NavigateToReports </a><br>]]>
            </line>
          </reporter-output>
        </test-method> <!-- TC03_NavigateToReports -->
        <test-method status="PASS" signature="TC04_NavigateToUsers()[pri:0, instance:com.actitime.testscripts.TestScripts@3a5ed7a6]" name="TC04_NavigateToUsers" duration-ms="9631" started-at="2017-01-04T22:03:28Z" finished-at="2017-01-04T22:03:37Z">
          <reporter-output>
            <line>
              <![CDATA[NavigateToUsers <a href=file:/C:/Users/ad051066/MyFrameworkWorkspace/ActiTimeProject/null/%20NavigateToUsers%20_Wed_Jan_04_22_03_30_IST_2017.png> click to open screenshot of NavigateToUsers </a><br>]]>
            </line>
          </reporter-output>
        </test-method> <!-- TC04_NavigateToUsers -->
        <test-method status="FAIL" signature="TC05_CreateAUser()[pri:0, instance:com.actitime.testscripts.TestScripts@3a5ed7a6]" name="TC05_CreateAUser" duration-ms="1582" started-at="2017-01-04T22:03:37Z" finished-at="2017-01-04T22:03:39Z">
          <exception class="java.lang.AssertionError">
            <message>
              <![CDATA[expected [Gootam, Joshua] but found [Angel, John]]]>
            </message>
            <full-stacktrace>
              <![CDATA[java.lang.AssertionError: expected [Gootam, Joshua] but found [Angel, John]
	at org.testng.Assert.fail(Assert.java:94)
	at org.testng.Assert.failNotEquals(Assert.java:513)
	at org.testng.Assert.assertEqualsImpl(Assert.java:135)
	at org.testng.Assert.assertEquals(Assert.java:116)
	at org.testng.Assert.assertEquals(Assert.java:190)
	at org.testng.Assert.assertEquals(Assert.java:200)
	at com.actitime.pageobjects.DashboardPO.createUser(DashboardPO.java:130)
	at com.actitime.testscripts.TestScripts.TC05_CreateAUser(TestScripts.java:40)
	at sun.reflect.NativeMethodAccessorImpl.invoke0(Native Method)
	at sun.reflect.NativeMethodAccessorImpl.invoke(Unknown Source)
	at sun.reflect.DelegatingMethodAccessorImpl.invoke(Unknown Source)
	at java.lang.reflect.Method.invoke(Unknown Source)
	at org.testng.internal.MethodInvocationHelper.invokeMethod(MethodInvocationHelper.java:86)
	at org.testng.internal.Invoker.invokeMethod(Invoker.java:643)
	at org.testng.internal.Invoker.invokeTestMethod(Invoker.java:820)
	at org.testng.internal.Invoker.invokeTestMethods(Invoker.java:1128)
	at org.testng.internal.TestMethodWorker.invokeTestMethods(TestMethodWorker.java:129)
	at org.testng.internal.TestMethodWorker.run(TestMethodWorker.java:112)
	at org.testng.TestRunner.privateRun(TestRunner.java:782)
	at org.testng.TestRunner.run(TestRunner.java:632)
	at org.testng.SuiteRunner.runTest(SuiteRunner.java:366)
	at org.testng.SuiteRunner.runSequentially(SuiteRunner.java:361)
	at org.testng.SuiteRunner.privateRun(SuiteRunner.java:319)
	at org.testng.SuiteRunner.run(SuiteRunner.java:268)
	at org.testng.SuiteRunnerWorker.runSuite(SuiteRunnerWorker.java:52)
	at org.testng.SuiteRunnerWorker.run(SuiteRunnerWorker.java:86)
	at org.testng.TestNG.runSuitesSequentially(TestNG.java:1244)
	at org.testng.TestNG.runSuitesLocally(TestNG.java:1169)
	at org.testng.TestNG.run(TestNG.java:1064)
	at org.testng.remote.AbstractRemoteTestNG.run(AbstractRemoteTestNG.java:132)
	at org.testng.remote.RemoteTestNG.initAndRun(RemoteTestNG.java:236)
	at org.testng.remote.RemoteTestNG.main(RemoteTestNG.java:81)
]]>
            </full-stacktrace>
          </exception> <!-- java.lang.AssertionError -->
          <reporter-output>
          </reporter-output>
        </test-method> <!-- TC05_CreateAUser -->
        <test-method status="PASS" signature="TC06_VerifyExistingUser()[pri:0, instance:com.actitime.testscripts.TestScripts@3a5ed7a6]" name="TC06_VerifyExistingUser" duration-ms="10433" started-at="2017-01-04T22:03:39Z" finished-at="2017-01-04T22:03:49Z">
          <reporter-output>
            <line>
              <![CDATA[checkExistingUser<a href=file:/C:/Users/ad051066/MyFrameworkWorkspace/ActiTimeProject/null/%20checkExistingUser_Wed_Jan_04_22_03_42_IST_2017.png> click to open screenshot of checkExistingUser</a><br>]]>
            </line>
          </reporter-output>
        </test-method> <!-- TC06_VerifyExistingUser -->
        <test-method status="PASS" signature="TC07_SignOutOfApplication()[pri:0, instance:com.actitime.testscripts.TestScripts@3a5ed7a6]" name="TC07_SignOutOfApplication" duration-ms="7635" started-at="2017-01-04T22:03:49Z" finished-at="2017-01-04T22:03:57Z">
          <reporter-output>
            <line>
              <![CDATA[SignOutOfApplication <a href=file:/C:/Users/ad051066/MyFrameworkWorkspace/ActiTimeProject/null/%20SignOutOfApplication%20_Wed_Jan_04_22_03_50_IST_2017.png> click to open screenshot of SignOutOfApplication </a><br>]]>
            </line>
          </reporter-output>
        </test-method> <!-- TC07_SignOutOfApplication -->
        <test-method status="PASS" signature="afterSuite()[pri:0, instance:com.actitime.testscripts.TestScripts@3a5ed7a6]" name="afterSuite" is-config="true" duration-ms="1068" started-at="2017-01-04T22:03:57Z" finished-at="2017-01-04T22:03:58Z">
          <reporter-output>
          </reporter-output>
        </test-method> <!-- afterSuite -->
      </class> <!-- com.actitime.testscripts.TestScripts -->
    </test> <!-- Default test -->
  </suite> <!-- Default suite -->
</testng-results>
